============================= test session starts =============================
platform win32 -- Python 3.13.14, pytest-9.1.1, pluggy-1.6.0
rootdir: D:\26暑假\cis2hdl
configfile: pytest.ini (WARNING: ignoring pytest config in pyproject.toml!)
collected 248 items

tests\unit\test_conversion_readiness.py ...                              [  1%]
tests\unit\test_cpm_writer.py ..                                         [  2%]
tests\unit\test_cross_validator.py ......                                [  4%]
tests\unit\test_diagnostic_report.py .....                               [  6%]
tests\unit\test_dsn_ole_reader.py s.s                                    [  7%]
tests\unit\test_dsn_parser.py .ss                                        [  8%]
tests\unit\test_dsn_structures.py .....................                  [ 17%]
tests\unit\test_error_diagnosis.py .......s.                             [ 20%]
tests\unit\test_file_inventory.py ..........s                            [ 25%]
tests\unit\test_ir_models.py ...........                                 [ 29%]
tests\unit\test_matcher_v2.py .......................................... [ 46%]
........................................................................ [ 75%]
...................                                                      [ 83%]
tests\unit\test_output_compatibility.py .......................          [ 92%]
tests\unit\test_pst_parsers.py ............                              [ 97%]
tests\unit\test_sch_writer.py ......                                     [100%][safe-delete][SAFE_DELETE_FAIL_CLOSED] {"target": "\\\\?\\C:\\Users\\echo\\AppData\\Local\\Temp\\pytest-of-echo\\garbage-9e7f18a7-ebb7-4e2e-911d-df268ba45c52", "reason": "windows-sandbox-recycle-bin-unavailable"}


======================= 242 passed, 6 skipped in 1.08s ========================
