============================= test session starts =============================
platform win32 -- Python 3.13.14, pytest-9.1.1, pluggy-1.6.0
rootdir: D:\26暑假\cis2hdl
configfile: pytest.ini (WARNING: ignoring pytest config in pyproject.toml!)
collected 103 items

tests\unit\test_conversion_readiness.py ...                              [  2%]
tests\unit\test_cpm_writer.py ..                                         [  4%]
tests\unit\test_cross_validator.py ......                                [ 10%]
tests\unit\test_diagnostic_report.py .....                               [ 15%]
tests\unit\test_dsn_ole_reader.py ...                                    [ 18%]
tests\unit\test_dsn_parser.py ...                                        [ 21%]
tests\unit\test_dsn_structures.py .....................                  [ 41%]
tests\unit\test_error_diagnosis.py .........                             [ 50%]
tests\unit\test_file_inventory.py ...........                            [ 61%]
tests\unit\test_ir_models.py ...........                                 [ 71%]
tests\unit\test_output_compatibility.py .......................          [ 94%]
tests\unit\test_sch_writer.py ......                                     [100%][safe-delete][SAFE_DELETE_FAIL_CLOSED] {"target": "\\\\?\\C:\\Users\\echo\\AppData\\Local\\Temp\\pytest-of-echo\\garbage-0967780c-5d6a-40fc-bd4e-409999bea3ff", "reason": "windows-sandbox-recycle-bin-unavailable"}


============================= 103 passed in 0.90s =============================
